#
# A fatal error has been detected by the Java Runtime Environment:
#
#  EXCEPTION_ACCESS_VIOLATION (0xc0000005) at pc=0x0000000072f1faa0, pid=568, tid=0x0000000000001760
#
# JRE version: Java(TM) SE Runtime Environment (8.0_151-b12) (build 1.8.0_151-b12)
# Java VM: Java HotSpot(TM) 64-Bit Server VM (25.151-b12 mixed mode windows-amd64 compressed oops)
# Problematic frame:
# V  [jvm.dll+0xafaa0]
#
# Failed to write core dump. Minidumps are not enabled by default on client versions of Windows
#
# If you would like to submit a bug report, please visit:
#   http://bugreport.java.com/bugreport/crash.jsp
#

---------------  T H R E A D  ---------------

Current thread (0x0000000002179000):  GCTaskThread [stack: 0x0000000011dc0000,0x0000000011ec0000] [id=5984]

siginfo: ExceptionCode=0xc0000005, reading address 0x00000006c2376ae0

Registers:
RAX=0x0000000000000000, RBX=0x00000000d78a0238, RCX=0x00000000d78a0238, RDX=0x00000006c2376ad8
RSP=0x0000000011ebfa58, RBP=0x0000000000000000, RSI=0x0000000016d45200, RDI=0x000000001892a050
R8 =0x0000000016d45200, R9 =0x0000000000000010, R10=0x0000000000000008, R11=0x00000000d849d3b8
R12=0x00000000734c5e58, R13=0x00000000d6885a58, R14=0x0000000000000000, R15=0x0000000002179750
RIP=0x0000000072f1faa0, EFLAGS=0x0000000000010206

Top of Stack: (sp=0x0000000011ebfa58)
0x0000000011ebfa58:   00000000732707b2 00000000d78a2218
0x0000000011ebfa68:   0000000000000004 0000000016d45200
0x0000000011ebfa78:   0000000016d45200 00000000d84953c8
0x0000000011ebfa88:   0000000000001000 00000000d62e0c28
0x0000000011ebfa98:   0000000011ebfbc0 0000000000000000
0x0000000011ebfaa8:   0000000002170a01 00000000734c5e58
0x0000000011ebfab8:   0000000073270b20 00000000d849a2c8
0x0000000011ebfac8:   0000000000000000 0000000016d45200
0x0000000011ebfad8:   000000001892a050 00000000d849a2c8
0x0000000011ebfae8:   00000000732714f5 00000000d681ba98
0x0000000011ebfaf8:   0000000000000000 0000000016d45200
0x0000000011ebfb08:   0000000072f82e73 00000000d81da9c5
0x0000000011ebfb18:   00000000d81da9c5 0000001e00000001
0x0000000011ebfb28:   00000001000000c8 0000000016c55470
0x0000000011ebfb38:   0000000073270efb 0000001e00000002
0x0000000011ebfb48:   000000007308d1e2 0000000002179000 

Instructions: (pc=0x0000000072f1faa0)
0x0000000072f1fa80:   ac b6 1d 00 48 8b 9c 24 d0 00 00 00 48 81 c4 c0
0x0000000072f1fa90:   00 00 00 5d c3 cc cc cc cc cc cc cc cc cc cc cc
0x0000000072f1faa0:   44 8b 42 08 4c 8b ca 45 85 c0 7e 0e 41 f6 c0 01
0x0000000072f1fab0:   75 57 41 c1 f8 03 41 8b c0 c3 79 4d 80 3d 1e ea 


Register to memory mapping:

RAX=0x0000000000000000 is an unknown value
RBX=0x00000000d78a0238 is an oop

[error occurred during error reporting (printing register info), id 0xc0000005]

Stack: [0x0000000011dc0000,0x0000000011ec0000],  sp=0x0000000011ebfa58,  free space=1022k
Native frames: (J=compiled Java code, j=interpreted, Vv=VM code, C=native code)


---------------  P R O C E S S  ---------------

Java Threads: ( => current thread )
  0x0000000019b1d800 JavaThread "TimerQueue" daemon [_thread_blocked, id=10344, stack(0x000000001b780000,0x000000001b880000)]
  0x000000000215e800 JavaThread "DestroyJavaVM" [_thread_blocked, id=4916, stack(0x0000000002030000,0x0000000002130000)]
  0x0000000019acd800 JavaThread "AWT-EventQueue-0" [_thread_blocked, id=3288, stack(0x000000001a240000,0x000000001a340000)]
  0x0000000018ad2000 JavaThread "AWT-Windows" daemon [_thread_blocked, id=8708, stack(0x0000000019090000,0x0000000019190000)]
  0x0000000018ace000 JavaThread "AWT-Shutdown" [_thread_blocked, id=5988, stack(0x0000000018f90000,0x0000000019090000)]
  0x0000000018acd800 JavaThread "Java2D Disposer" daemon [_thread_blocked, id=6484, stack(0x0000000018e90000,0x0000000018f90000)]
  0x0000000018720800 JavaThread "Service Thread" daemon [_thread_blocked, id=13032, stack(0x0000000018af0000,0x0000000018bf0000)]
  0x0000000016d95800 JavaThread "C1 CompilerThread2" daemon [_thread_blocked, id=5008, stack(0x00000000185f0000,0x00000000186f0000)]
  0x0000000016d90800 JavaThread "C2 CompilerThread1" daemon [_thread_blocked, id=8052, stack(0x00000000184f0000,0x00000000185f0000)]
  0x0000000016d82000 JavaThread "C2 CompilerThread0" daemon [_thread_blocked, id=3208, stack(0x00000000183f0000,0x00000000184f0000)]
  0x0000000016d7f800 JavaThread "Attach Listener" daemon [_thread_blocked, id=2776, stack(0x00000000182f0000,0x00000000183f0000)]
  0x0000000016d7c800 JavaThread "Signal Dispatcher" daemon [_thread_blocked, id=1408, stack(0x00000000181f0000,0x00000000182f0000)]
  0x000000000225b000 JavaThread "Finalizer" daemon [_thread_blocked, id=5844, stack(0x0000000017fd0000,0x00000000180d0000)]
  0x0000000002250000 JavaThread "Reference Handler" daemon [_thread_blocked, id=8404, stack(0x0000000017ed0000,0x0000000017fd0000)]

Other Threads:
  0x0000000016d48000 VMThread [stack: 0x0000000017dd0000,0x0000000017ed0000] [id=10252]
  0x000000001873d800 WatcherThread [stack: 0x0000000018d60000,0x0000000018e60000] [id=7380]

=>0x0000000002179000 (exited) GCTaskThread [stack: 0x0000000011dc0000,0x0000000011ec0000] [id=5984]

VM state:at safepoint (normal execution)

VM Mutex/Monitor currently owned by a thread:  ([mutex/lock_event])
[0x000000000215db40] Threads_lock - owner thread: 0x0000000016d48000
[0x000000000215d9c0] Heap_lock - owner thread: 0x0000000019acd800

Heap:
 PSYoungGen      total 37888K, used 32768K [0x00000000d6000000, 0x00000000d8a00000, 0x0000000100000000)
  eden space 32768K, 100% used [0x00000000d6000000,0x00000000d8000000,0x00000000d8000000)
  from space 5120K, 0% used [0x00000000d8500000,0x00000000d8500000,0x00000000d8a00000)
  to   space 5120K, 99% used [0x00000000d8000000,0x00000000d84fd3c8,0x00000000d8500000)
 ParOldGen       total 86016K, used 5728K [0x0000000082000000, 0x0000000087400000, 0x00000000d6000000)
  object space 86016K, 6% used [0x0000000082000000,0x0000000082598000,0x0000000087400000)
 Metaspace       used 11031K, capacity 11230K, committed 11392K, reserved 1058816K
  class space    used 1478K, capacity 1543K, committed 1664K, reserved 1048576K

Card table byte_map: [0x0000000011620000,0x0000000011a20000] byte_map_base: 0x0000000011210000

Marking Bits: (ParMarkBitMap*) 0x000000007368d850
 Begin Bits: [0x00000000120c0000, 0x0000000014040000)
 End Bits:   [0x0000000014040000, 0x0000000015fc0000)

Polling page: 0x0000000000640000

CodeCache: size=245760Kb used=3207Kb max_used=3207Kb free=242552Kb
 bounds [0x0000000002260000, 0x0000000002590000, 0x0000000011260000]
 total_blobs=1258 nmethods=790 adapters=381
 compilation: enabled

Compilation events (10 events):
Event: 99.557 Thread 0x0000000016d95800  786   !   3       sun.awt.GlobalCursorManager::updateCursorImmediately (31 bytes)
Event: 99.557 Thread 0x0000000016d95800 nmethod 786 0x000000000257fe10 code [0x000000000257ff80, 0x00000000025802c8]
Event: 99.587 Thread 0x0000000016d95800  787       3       java.awt.LightweightDispatcher::retargetMouseEnterExit (79 bytes)
Event: 99.588 Thread 0x0000000016d95800 nmethod 787 0x0000000002580410 code [0x00000000025805c0, 0x0000000002580b98]
Event: 99.588 Thread 0x0000000016d95800  789   !   3       java.awt.AWTEvent::dispatched (47 bytes)
Event: 99.590 Thread 0x0000000016d95800 nmethod 789 0x0000000002580d10 code [0x0000000002580f00, 0x0000000002581938]
Event: 99.590 Thread 0x0000000016d95800  788       3       java.awt.LightweightDispatcher::isMouseGrab (49 bytes)
Event: 99.591 Thread 0x0000000016d95800 nmethod 788 0x0000000002581cd0 code [0x0000000002581e60, 0x0000000002582478]
Event: 99.591 Thread 0x0000000016d95800  790   !   3       sun.awt.GlobalCursorManager$NativeUpdater::run (43 bytes)
Event: 99.592 Thread 0x0000000016d95800 nmethod 790 0x00000000025825d0 code [0x0000000002582740, 0x0000000002582b68]

GC Heap History (1 events):
Event: 99.636 GC heap before
{Heap before GC invocations=1 (full 0):
 PSYoungGen      total 37888K, used 32768K [0x00000000d6000000, 0x00000000d8a00000, 0x0000000100000000)
  eden space 32768K, 100% used [0x00000000d6000000,0x00000000d8000000,0x00000000d8000000)
  from space 5120K, 0% used [0x00000000d8500000,0x00000000d8500000,0x00000000d8a00000)
  to   space 5120K, 0% used [0x00000000d8000000,0x00000000d8000000,0x00000000d8500000)
 ParOldGen       total 86016K, used 0K [0x0000000082000000, 0x0000000087400000, 0x00000000d6000000)
  object space 86016K, 0% used [0x0000000082000000,0x0000000082000000,0x0000000087400000)
 Metaspace       used 11031K, capacity 11230K, committed 11392K, reserved 1058816K
  class space    used 1478K, capacity 1543K, committed 1664K, reserved 1048576K

Deoptimization events (10 events):
Event: 1.452 Thread 0x0000000019acd800 Uncommon trap: reason=class_check action=maybe_recompile pc=0x00000000023e8b68 method=java.lang.String.equals(Ljava/lang/Object;)Z @ 8
Event: 1.452 Thread 0x0000000019acd800 Uncommon trap: reason=class_check action=maybe_recompile pc=0x00000000023e8b68 method=java.lang.String.equals(Ljava/lang/Object;)Z @ 8
Event: 1.743 Thread 0x0000000019acd800 Uncommon trap: reason=class_check action=maybe_recompile pc=0x00000000023e8b68 method=java.lang.String.equals(Ljava/lang/Object;)Z @ 8
Event: 1.743 Thread 0x0000000019acd800 Uncommon trap: reason=class_check action=maybe_recompile pc=0x00000000023e8b68 method=java.lang.String.equals(Ljava/lang/Object;)Z @ 8
Event: 9.249 Thread 0x0000000019acd800 Uncommon trap: reason=unstable_if action=reinterpret pc=0x00000000024d1284 method=Grille.remplir(Z)V @ 115
Event: 9.268 Thread 0x0000000019acd800 Uncommon trap: reason=unstable_if action=reinterpret pc=0x00000000024dbcb4 method=Case.setEtat(LCase$EtatCase;)V @ 26
Event: 14.574 Thread 0x0000000019acd800 Uncommon trap: reason=unstable_if action=reinterpret pc=0x00000000024fddfc method=RecursiviteAleatoire.chemin([I)V @ 251
Event: 24.177 Thread 0x0000000019acd800 Uncommon trap: reason=unstable_if action=reinterpret pc=0x000000000250e134 method=RecursiviteAleatoire.chemin([I)V @ 242
Event: 30.896 Thread 0x0000000019acd800 Uncommon trap: reason=unstable_if action=reinterpret pc=0x000000000251ad10 method=RecursiviteAleatoire.chemin([I)V @ 235
Event: 71.791 Thread 0x0000000019acd800 Uncommon trap: reason=range_check action=make_not_entrant pc=0x0000000002527e84 method=Case.modifVoisin(IZ)V @ 6

Internal exceptions (10 events):
Event: 0.103 Thread 0x000000000215e800 Exception <a 'java/security/PrivilegedActionException'> (0x00000000d60a1a70) thrown at [C:\re\workspace\8-2-build-windows-amd64-cygwin\jdk8u151\9699\hotspot\src\share\vm\prims\jvm.cpp, line 1390]
Event: 0.103 Thread 0x000000000215e800 Exception <a 'java/security/PrivilegedActionException'> (0x00000000d60a1c80) thrown at [C:\re\workspace\8-2-build-windows-amd64-cygwin\jdk8u151\9699\hotspot\src\share\vm\prims\jvm.cpp, line 1390]
Event: 0.108 Thread 0x000000000215e800 Exception <a 'java/io/FileNotFoundException'> (0x00000000d6148da8) thrown at [C:\re\workspace\8-2-build-windows-amd64-cygwin\jdk8u151\9699\hotspot\src\share\vm\prims\jni.cpp, line 709]
Event: 0.138 Thread 0x000000000215e800 Exception <a 'java/lang/NoSuchFieldError': method resolution failed> (0x00000000d6216220) thrown at [C:\re\workspace\8-2-build-windows-amd64-cygwin\jdk8u151\9699\hotspot\src\share\vm\prims\methodHandles.cpp, line 1146]
Event: 0.139 Thread 0x000000000215e800 Exception <a 'java/lang/NoSuchFieldError': method resolution failed> (0x00000000d62235f0) thrown at [C:\re\workspace\8-2-build-windows-amd64-cygwin\jdk8u151\9699\hotspot\src\share\vm\prims\methodHandles.cpp, line 1146]
Event: 0.174 Thread 0x000000000215e800 Exception <a 'java/io/FileNotFoundException'> (0x00000000d62b8760) thrown at [C:\re\workspace\8-2-build-windows-amd64-cygwin\jdk8u151\9699\hotspot\src\share\vm\prims\jni.cpp, line 709]
Event: 0.199 Thread 0x000000000215e800 Implicit null exception at 0x00000000023cd862 to 0x00000000023cda29
Event: 71.792 Thread 0x0000000019acd800 Exception <a 'java/lang/ArrayIndexOutOfBoundsException': 3> (0x00000000d7fd4330) thrown at [C:\re\workspace\8-2-build-windows-amd64-cygwin\jdk8u151\9699\hotspot\src\share\vm\interpreter\interpreterRuntime.cpp, line 366]
Event: 71.792 Thread 0x0000000019acd800 Exception <a 'java/lang/ArrayIndexOutOfBoundsException'> (0x00000000d7fd4330) thrown at [C:\re\workspace\8-2-build-windows-amd64-cygwin\jdk8u151\9699\hotspot\src\share\vm\prims\jvm.cpp, line 1394]
Event: 71.792 Thread 0x0000000019acd800 Exception <a 'java/lang/ArrayIndexOutOfBoundsException'> (0x00000000d7fd4330) thrown at [C:\re\workspace\8-2-build-windows-amd64-cygwin\jdk8u151\9699\hotspot\src\share\vm\prims\jvm.cpp, line 1394]

Events (10 events):
Event: 71.792 loading class java/lang/Throwable$WrappedPrintStream done
Event: 91.663 loading class java/awt/LightweightDispatcher$2
Event: 91.663 loading class java/awt/LightweightDispatcher$2 done
Event: 98.773 loading class java/awt/Canvas
Event: 98.774 loading class java/awt/Canvas done
Event: 98.774 Executing VM operation: Deoptimize
Event: 98.774 Executing VM operation: Deoptimize done
Event: 98.775 loading class java/awt/Scrollbar
Event: 98.777 loading class java/awt/Scrollbar done
Event: 99.636 Executing VM operation: ParallelGCFailedAllocation


Dynamic libraries:
0x00007ff685060000 - 0x00007ff685097000 	C:\ProgramData\Oracle\Java\javapath\java.exe
0x00007ffc781a0000 - 0x00007ffc78381000 	C:\WINDOWS\SYSTEM32\ntdll.dll
0x00007ffc713a0000 - 0x00007ffc713b2000 	C:\Program Files\AVAST Software\Avast\aswhook.dll
0x00007ffc77e20000 - 0x00007ffc77ed2000 	C:\WINDOWS\System32\KERNEL32.DLL
0x00007ffc753b0000 - 0x00007ffc75623000 	C:\WINDOWS\System32\KERNELBASE.dll
0x00007ffc77d60000 - 0x00007ffc77e01000 	C:\WINDOWS\System32\ADVAPI32.dll
0x00007ffc77ee0000 - 0x00007ffc77f7e000 	C:\WINDOWS\System32\msvcrt.dll
0x00007ffc75630000 - 0x00007ffc7568b000 	C:\WINDOWS\System32\sechost.dll
0x00007ffc75c70000 - 0x00007ffc75d94000 	C:\WINDOWS\System32\RPCRT4.dll
0x00007ffc75ab0000 - 0x00007ffc75c40000 	C:\WINDOWS\System32\USER32.dll
0x00007ffc74be0000 - 0x00007ffc74c00000 	C:\WINDOWS\System32\win32u.dll
0x00007ffc76250000 - 0x00007ffc76278000 	C:\WINDOWS\System32\GDI32.dll
0x00007ffc749f0000 - 0x00007ffc74b82000 	C:\WINDOWS\System32\gdi32full.dll
0x00007ffc74c00000 - 0x00007ffc74c9f000 	C:\WINDOWS\System32\msvcp_win.dll
0x00007ffc74570000 - 0x00007ffc74668000 	C:\WINDOWS\System32\ucrtbase.dll
0x00007ffc65b00000 - 0x00007ffc65d69000 	C:\WINDOWS\WinSxS\amd64_microsoft.windows.common-controls_6595b64144ccf1df_6.0.17134.648_none_fb45a0e93062a6d2\COMCTL32.dll
0x00007ffc77840000 - 0x00007ffc77b62000 	C:\WINDOWS\System32\combase.dll
0x00007ffc74970000 - 0x00007ffc749ea000 	C:\WINDOWS\System32\bcryptPrimitives.dll
0x00007ffc77d30000 - 0x00007ffc77d5d000 	C:\WINDOWS\System32\IMM32.DLL
0x0000000073710000 - 0x00000000737e2000 	C:\Program Files\Java\jre1.8.0_151\bin\msvcr100.dll
0x0000000072e70000 - 0x000000007370d000 	C:\Program Files\Java\jre1.8.0_151\bin\server\jvm.dll
0x00007ffc75a20000 - 0x00007ffc75a28000 	C:\WINDOWS\System32\PSAPI.DLL
0x00007ffc571d0000 - 0x00007ffc571d9000 	C:\WINDOWS\SYSTEM32\WSOCK32.dll
0x00007ffc77f80000 - 0x00007ffc77fec000 	C:\WINDOWS\System32\WS2_32.dll
0x00007ffc71330000 - 0x00007ffc71353000 	C:\WINDOWS\SYSTEM32\WINMM.dll
0x00007ffc63200000 - 0x00007ffc6320a000 	C:\WINDOWS\SYSTEM32\VERSION.dll
0x00007ffc71300000 - 0x00007ffc7132a000 	C:\WINDOWS\SYSTEM32\WINMMBASE.dll
0x00007ffc74b90000 - 0x00007ffc74bd9000 	C:\WINDOWS\System32\cfgmgr32.dll
0x0000000074570000 - 0x000000007457f000 	C:\Program Files\Java\jre1.8.0_151\bin\verify.dll
0x0000000074540000 - 0x0000000074569000 	C:\Program Files\Java\jre1.8.0_151\bin\java.dll
0x0000000074520000 - 0x0000000074536000 	C:\Program Files\Java\jre1.8.0_151\bin\zip.dll
0x00007ffc76280000 - 0x00007ffc776c0000 	C:\WINDOWS\System32\SHELL32.dll
0x00007ffc77ff0000 - 0x00007ffc78099000 	C:\WINDOWS\System32\shcore.dll
0x00007ffc74ca0000 - 0x00007ffc753ad000 	C:\WINDOWS\System32\windows.storage.dll
0x00007ffc75da0000 - 0x00007ffc75df1000 	C:\WINDOWS\System32\shlwapi.dll
0x00007ffc74510000 - 0x00007ffc74521000 	C:\WINDOWS\System32\kernel.appcore.dll
0x00007ffc74530000 - 0x00007ffc7454f000 	C:\WINDOWS\System32\profapi.dll
0x00007ffc744b0000 - 0x00007ffc744fc000 	C:\WINDOWS\System32\powrprof.dll
0x00007ffc74500000 - 0x00007ffc7450a000 	C:\WINDOWS\System32\FLTLIB.DLL
0x0000000072cd0000 - 0x0000000072e68000 	C:\Program Files\Java\jre1.8.0_151\bin\awt.dll
0x00007ffc780a0000 - 0x00007ffc78163000 	C:\WINDOWS\System32\OLEAUT32.dll
0x00007ffc72810000 - 0x00007ffc7289b000 	C:\WINDOWS\SYSTEM32\apphelp.dll
0x00007ffc72c20000 - 0x00007ffc72c49000 	C:\WINDOWS\system32\DWMAPI.DLL
0x00007ffc72b40000 - 0x00007ffc72bd8000 	C:\WINDOWS\system32\uxtheme.dll
0x00007ffc57640000 - 0x00007ffc57760000 	C:\WINDOWS\system32\opengl32.dll
0x00007ffc57ed0000 - 0x00007ffc57efc000 	C:\WINDOWS\SYSTEM32\GLU32.dll
0x00007ffc776c0000 - 0x00007ffc77833000 	C:\WINDOWS\System32\MSCTF.dll
0x00007ffc77b70000 - 0x00007ffc77cc1000 	C:\WINDOWS\System32\ole32.dll
0x0000000072c80000 - 0x0000000072cc7000 	C:\Program Files\Java\jre1.8.0_151\bin\fontmanager.dll
0x0000000074500000 - 0x000000007451a000 	C:\Program Files\Java\jre1.8.0_151\bin\net.dll
0x00007ffc73cd0000 - 0x00007ffc73d36000 	C:\WINDOWS\system32\mswsock.dll
0x0000000072c60000 - 0x0000000072c71000 	C:\Program Files\Java\jre1.8.0_151\bin\nio.dll
0x0000000072c10000 - 0x0000000072c52000 	C:\Program Files\Java\jre1.8.0_151\bin\t2k.dll
0x00007ffc756f0000 - 0x00007ffc75790000 	C:\WINDOWS\System32\clbcatq.dll
0x00007ffc6e870000 - 0x00007ffc6ea1e000 	C:\WINDOWS\SYSTEM32\WindowsCodecs.dll
0x00007ffc53640000 - 0x00007ffc53698000 	C:\WINDOWS\system32\dataexchange.dll
0x00007ffc71850000 - 0x00007ffc71b5b000 	C:\WINDOWS\system32\d3d11.dll
0x00007ffc72130000 - 0x00007ffc722cc000 	C:\WINDOWS\system32\dcomp.dll
0x00007ffc73270000 - 0x00007ffc7332b000 	C:\WINDOWS\system32\dxgi.dll
0x00007ffc72d80000 - 0x00007ffc72f38000 	C:\WINDOWS\system32\twinapi.appcore.dll
0x00007ffc72d00000 - 0x00007ffc72d29000 	C:\WINDOWS\system32\RMCLIENT.dll
0x00007ffc68bd0000 - 0x00007ffc68c66000 	C:\WINDOWS\System32\TextInputFramework.dll
0x00007ffc6d2b0000 - 0x00007ffc6d5ce000 	C:\WINDOWS\System32\CoreUIComponents.dll
0x00007ffc72610000 - 0x00007ffc726ea000 	C:\WINDOWS\System32\CoreMessaging.dll
0x00007ffc73650000 - 0x00007ffc73681000 	C:\WINDOWS\SYSTEM32\ntmarta.dll
0x00007ffc70590000 - 0x00007ffc706dd000 	C:\WINDOWS\SYSTEM32\wintypes.dll
0x00007ffc671b0000 - 0x00007ffc67379000 	C:\WINDOWS\SYSTEM32\dbghelp.dll

VM Arguments:
java_command: Main
java_class_path (initial): .
Launcher Type: SUN_STANDARD

Environment Variables:
PATH=C:\Users\Pierre\bin;C:\Program Files\Git\mingw64\bin;C:\Program Files\Git\usr\local\bin;C:\Program Files\Git\usr\bin;C:\Program Files\Git\usr\bin;C:\Program Files\Git\mingw64\bin;C:\Program Files\Git\usr\bin;C:\Users\Pierre\bin;C:\ProgramData\Oracle\Java\javapath;C:\Program Files (x86)\Intel\iCLS Client;C:\Program Files\Intel\iCLS Client;C:\Windows\system32;C:\Windows;C:\Windows\System32\Wbem;C:\Windows\System32\WindowsPowerShell\v1.0;C:\Program Files (x86)\Intel\Intel(R) Management Engine Components\DAL;C:\Program Files\Intel\Intel(R) Management Engine Components\DAL;C:\Program Files (x86)\Intel\Intel(R) Management Engine Components\IPT;C:\Program Files\Intel\Intel(R) Management Engine Components\IPT;C:\Program Files (x86)\NVIDIA Corporation\PhysX\Common;C:\Program Files\Microsoft SQL Server\110\Tools\Binn;C:\WINDOWS\system32;C:\WINDOWS;C:\WINDOWS\System32\Wbem;C:\WINDOWS\System32\WindowsPowerShell\v1.0;C:\Program Files (x86)\Microsoft SQL Server\110\Tools\Binn;C:\Program Files\Microsoft SQL Server\110\DTS\Binn;C:\Program Files\Java\jdk1.8.0_151\bin;C:\WINDOWS\System32\OpenSSH;C:\Program Files\Gradle\gradle-4.7\bin;D:\MiKTeX\miktex\bin\x64;C:\Users\Pierre\AppData\Local\Microsoft\WindowsApps;C:\Users\Pierre\AppData\Local\atom\bin;%USERPROFILE%\AppData\Local\Microsoft\WindowsApps;C:\Program Files\Git\usr\bin\vendor_perl;C:\Program Files\Git\usr\bin\core_perl
USERNAME=Pierre
SHELL=C:\Program Files\Git\usr\bin\bash.exe
DISPLAY=needs-to-be-defined
OS=Windows_NT
PROCESSOR_IDENTIFIER=Intel64 Family 6 Model 142 Stepping 9, GenuineIntel



---------------  S Y S T E M  ---------------

OS: Windows 10.0 , 64 bit Build 17134 (10.0.17134.648)

CPU:total 4 (initial active 4) (2 cores per cpu, 2 threads per core) family 6 model 142 stepping 9, cmov, cx8, fxsr, mmx, sse, sse2, sse3, ssse3, sse4.1, sse4.2, popcnt, avx, avx2, aes, clmul, erms, 3dnowpref, lzcnt, ht, tsc, tscinvbit, bmi1, bmi2, adx

Memory: 4k page, physical 8253668k(4029720k free), swap 12054756k(6395452k free)

vm_info: Java HotSpot(TM) 64-Bit Server VM (25.151-b12) for windows-amd64 JRE (1.8.0_151-b12), built on Sep  5 2017 19:33:46 by "java_re" with MS VC++ 10.0 (VS2010)

time: Tue Apr 09 20:23:42 2019
elapsed time: 101 seconds (0d 0h 1m 41s)

